<?xml version="1.0" encoding="UTF-8"?>
<!-- Generated by org.testng.reporters.JUnitReportReporter -->
<testsuite hostname="Lenovo-PC" failures="0" tests="3" name="Harsh_Project.Selenium_Framework_Harsh.ShopPage_with_framework" time="45.538" errors="0" timestamp="2025-02-22T16:26:27 IST" skipped="0">
  <testcase classname="Harsh_Project.Selenium_Framework_Harsh.ShopPage_with_framework" name="Mobile_Shop2" time="15.092"/>
  <system-out/>
  <testcase classname="Harsh_Project.Selenium_Framework_Harsh.ShopPage_with_framework" name="Mobile_Shop1" time="14.499"/>
  <system-out/>
  <testcase classname="Harsh_Project.Selenium_Framework_Harsh.ShopPage_with_framework" name="Mobile_Shop1" time="15.947"/>
  <system-out/>
</testsuite> <!-- Harsh_Project.Selenium_Framework_Harsh.ShopPage_with_framework -->
