<?xml version="1.0" encoding="UTF-8"?>
<!-- Generated by org.testng.reporters.JUnitReportReporter -->
<testsuite hostname="Lenovo-PC" failures="0" tests="1" name="Harsh_Project.Selenium_Framework_Harsh.ShopPage" time="55.803" errors="0" timestamp="2025-05-04T18:33:32 IST" skipped="0">
  <testcase classname="Harsh_Project.Selenium_Framework_Harsh.ShopPage" name="PageShop" time="55.803"/>
  <system-out/>
</testsuite> <!-- Harsh_Project.Selenium_Framework_Harsh.ShopPage -->
