<?xml version="1.0" encoding="UTF-8"?>
<!-- Generated by org.testng.reporters.JUnitReportReporter -->
<testsuite hostname="Lenovo-PC" failures="0" tests="3" name="Harsh_Project.Selenium_Framework_Harsh.ShopPage_with_framework" time="56.085" errors="0" timestamp="2025-04-20T20:33:49 IST" skipped="0">
  <testcase classname="Harsh_Project.Selenium_Framework_Harsh.ShopPage_with_framework" name="Mobile_Shop1" time="19.060"/>
  <system-out/>
  <testcase classname="Harsh_Project.Selenium_Framework_Harsh.ShopPage_with_framework" name="Mobile_Shop1" time="13.168"/>
  <system-out/>
  <testcase classname="Harsh_Project.Selenium_Framework_Harsh.ShopPage_with_framework" name="Mobile_Shop2" time="23.857"/>
  <system-out/>
</testsuite> <!-- Harsh_Project.Selenium_Framework_Harsh.ShopPage_with_framework -->
