<?xml version="1.0" encoding="UTF-8"?>
<!-- Generated by org.testng.reporters.JUnitReportReporter -->
<testsuite hostname="Lenovo-PC" failures="0" tests="1" name="Harsh_Project.Selenium_Framework_Harsh.ShopPage" time="29.114" errors="0" timestamp="2025-02-22T22:28:39 IST" skipped="0">
  <testcase classname="Harsh_Project.Selenium_Framework_Harsh.ShopPage" name="PageShop" time="29.114"/>
</testsuite> <!-- Harsh_Project.Selenium_Framework_Harsh.ShopPage -->
