<?xml version="1.0" encoding="UTF-8"?>
<!-- Generated by org.testng.reporters.JUnitReportReporter -->
<testsuite hostname="Lenovo-PC" failures="0" tests="3" name="Harsh_Project.Selenium_Framework_Harsh.ShopPage_with_framework" time="55.967" errors="0" timestamp="2025-04-20T20:50:51 IST" skipped="0">
  <testcase classname="Harsh_Project.Selenium_Framework_Harsh.ShopPage_with_framework" name="Mobile_Shop2" time="19.102"/>
  <testcase classname="Harsh_Project.Selenium_Framework_Harsh.ShopPage_with_framework" name="Mobile_Shop1" time="17.048"/>
  <testcase classname="Harsh_Project.Selenium_Framework_Harsh.ShopPage_with_framework" name="Mobile_Shop1" time="19.817"/>
</testsuite> <!-- Harsh_Project.Selenium_Framework_Harsh.ShopPage_with_framework -->
