<?xml version="1.0" encoding="UTF-8"?>
<!-- Generated by org.testng.reporters.JUnitReportReporter -->
<testsuite hostname="Lenovo-PC" failures="0" tests="3" name="Harsh_Project.Selenium_Framework_Harsh.ShopPage_with_framework" time="188.004" errors="0" timestamp="2025-02-22T22:50:03 IST" skipped="0">
  <testcase classname="Harsh_Project.Selenium_Framework_Harsh.ShopPage_with_framework" name="Mobile_Shop1" time="41.281"/>
  <testcase classname="Harsh_Project.Selenium_Framework_Harsh.ShopPage_with_framework" name="Mobile_Shop1" time="121.424"/>
  <testcase classname="Harsh_Project.Selenium_Framework_Harsh.ShopPage_with_framework" name="Mobile_Shop2" time="25.299"/>
</testsuite> <!-- Harsh_Project.Selenium_Framework_Harsh.ShopPage_with_framework -->
